<?xml version="1.0" encoding="UTF-8"?>
<!-- Generated by org.testng.reporters.JUnitReportReporter -->
<testsuite skipped="0" hostname="ITIN000156-MAC" name="com.web.test.compareTest" tests="3" failures="0" timestamp="15 Mar 2020 14:52:16 GMT" time="11.710" errors="0">
  <testcase name="search" time="5.733" classname="com.web.test.compareTest"/>
  <testcase name="search2" time="5.976" classname="com.web.test.compareTest"/>
  <testcase name="compare" time="0.001" classname="com.web.test.compareTest"/>
</testsuite> <!-- com.web.test.compareTest -->
