<?xml version="1.0" encoding="UTF-8"?>
<!-- Generated by org.testng.reporters.JUnitReportReporter -->
<testsuite skipped="0" hostname="ITIN000156-MAC" name="test.java.com.Zest.project.testCases.compareTest" tests="3" failures="0" timestamp="16 Mar 2020 05:48:06 GMT" time="17.901" errors="0">
  <testcase name="search" time="6.814" classname="test.java.com.Zest.project.testCases.compareTest"/>
  <testcase name="search2" time="11.086" classname="test.java.com.Zest.project.testCases.compareTest"/>
  <testcase name="compare" time="0.001" classname="test.java.com.Zest.project.testCases.compareTest"/>
</testsuite> <!-- test.java.com.Zest.project.testCases.compareTest -->
